<?xml version="1.0" encoding="UTF-8"?>
<testng-results ignored="4" total="9" passed="5" failed="0" skipped="0">
  <reporter-output>
  </reporter-output>
  <suite started-at="2022-11-08T18:40:49 IST" name="Suite" finished-at="2022-11-08T18:41:21 IST" duration-ms="31599">
    <groups>
    </groups>
    <test started-at="2022-11-08T18:40:49 IST" name="Test" finished-at="2022-11-08T18:41:21 IST" duration-ms="31599">
      <class name="automation.UpdateEmployee">
        <test-method signature="putUpdateEmployee()[pri:0, instance:automation.UpdateEmployee@17fc391b]" started-at="2022-11-08T18:41:09 IST" name="putUpdateEmployee" finished-at="2022-11-08T18:41:15 IST" duration-ms="5677" status="PASS">
          <reporter-output>
          </reporter-output>
        </test-method> <!-- putUpdateEmployee -->
      </class> <!-- automation.UpdateEmployee -->
      <class name="automation.EmployeesList">
        <test-method is-config="true" signature="setUp()[pri:0, instance:automation.EmployeesList@2b40ff9c]" started-at="2022-11-08T18:40:49 IST" name="setUp" finished-at="2022-11-08T18:40:49 IST" duration-ms="8" status="PASS">
          <reporter-output>
          </reporter-output>
        </test-method> <!-- setUp -->
        <test-method signature="getEmployeesList()[pri:0, instance:automation.EmployeesList@2b40ff9c]" started-at="2022-11-08T18:40:49 IST" name="getEmployeesList" finished-at="2022-11-08T18:40:57 IST" duration-ms="7520" status="PASS">
          <reporter-output>
          </reporter-output>
        </test-method> <!-- getEmployeesList -->
      </class> <!-- automation.EmployeesList -->
      <class name="automation.DeleteEmployee">
        <test-method signature="deleteEmployee()[pri:0, instance:automation.DeleteEmployee@2b30a42c]" started-at="2022-11-08T18:41:15 IST" name="deleteEmployee" finished-at="2022-11-08T18:41:21 IST" duration-ms="5728" status="PASS">
          <reporter-output>
          </reporter-output>
        </test-method> <!-- deleteEmployee -->
      </class> <!-- automation.DeleteEmployee -->
      <class name="automation.CreateEmployee">
        <test-method signature="postCreate()[pri:0, instance:automation.CreateEmployee@4a003cbe]" started-at="2022-11-08T18:40:57 IST" name="postCreate" finished-at="2022-11-08T18:41:03 IST" duration-ms="6212" status="PASS">
          <reporter-output>
          </reporter-output>
        </test-method> <!-- postCreate -->
      </class> <!-- automation.CreateEmployee -->
      <class name="automation.EmployeeDetails">
        <test-method signature="getEmployeeDetails()[pri:0, instance:automation.EmployeeDetails@4082ba93]" started-at="2022-11-08T18:41:03 IST" name="getEmployeeDetails" finished-at="2022-11-08T18:41:09 IST" duration-ms="6299" status="PASS">
          <reporter-output>
          </reporter-output>
        </test-method> <!-- getEmployeeDetails -->
      </class> <!-- automation.EmployeeDetails -->
    </test> <!-- Test -->
  </suite> <!-- Suite -->
</testng-results>
