<?xml version="1.0" encoding="UTF-8"?>
<!-- Generated by org.testng.reporters.JUnitXMLReporter -->
<testsuite ignored="4" hostname="DESKTOP-T65CPCB" failures="0" tests="5" name="Test" time="31.599" errors="0" timestamp="2022-11-08T18:41:21 IST">
  <testcase classname="automation.EmployeesList" name="getEmployeesList" time="7.52"/>
  <testcase classname="automation.CreateEmployee" name="postCreate" time="6.212"/>
  <testcase classname="automation.EmployeeDetails" name="getEmployeeDetails" time="6.299"/>
  <testcase classname="automation.UpdateEmployee" name="putUpdateEmployee" time="5.677"/>
  <testcase classname="automation.DeleteEmployee" name="deleteEmployee" time="5.728"/>
  <testcase classname="DataDriven.base" name="@BeforeTest setUp" time="0.0">
    <ignored/>
  </testcase> <!-- @BeforeTest setUp -->
  <testcase classname="DataDriven.base" name="@BeforeTest setUp" time="0.0">
    <ignored/>
  </testcase> <!-- @BeforeTest setUp -->
  <testcase classname="DataDriven.base" name="@BeforeTest setUp" time="0.0">
    <ignored/>
  </testcase> <!-- @BeforeTest setUp -->
  <testcase classname="DataDriven.base" name="@BeforeTest setUp" time="0.0">
    <ignored/>
  </testcase> <!-- @BeforeTest setUp -->
</testsuite> <!-- Test -->
